TN:
SF:/Users/obihill/Documents/My_Projects/ObiHill/Dev/my-sandbox/test/spec/src/rquery.js
FN:13,(anonymous_1)
FN:20,(anonymous_2)
FN:26,(anonymous_3)
FN:29,(anonymous_4)
FN:39,has
FN:46,count
FN:112,implode
FN:161,in_array
FN:205,merge
FN:227,array_keys
FN:270,array_values
FN:294,array_combine
FN:323,microtime
FN:340,isString
FN:350,isNumber
FN:360,isBool
FN:370,isArray
FN:379,isObject
FN:394,isNullOrUndefined
FN:405,arrayToInteger
FN:434,getSortedKeys
FN:442,(anonymous_22)
FN:468,getClosestNumberMatchArray
FN:517,isEvenDecimal
FN:548,(anonymous_25)
FN:552,(anonymous_26)
FN:570,F
FN:576,Dom
FN:587,_DomCreate
FN:630,_initDom
FN:751,(anonymous_31)
FN:756,(anonymous_32)
FN:811,(anonymous_33)
FN:821,_isWindow
FN:833,_isInstanceOfRQuery
FN:844,_getSelectorFromObject
FN:881,_getSupportedNodeTypes
FN:900,_getObjectType
FN:955,_stringToNode
FN:972,_getElement
FN:983,_getElementChildren
FN:1005,(anonymous_42)
FN:1048,(anonymous_43)
FN:1056,(anonymous_44)
FN:1068,(anonymous_45)
FN:1082,(anonymous_46)
FN:1114,_style
FN:1147,(anonymous_48)
FN:1162,(anonymous_49)
FN:1196,_doEvent
FN:1227,(anonymous_51)
FN:1253,(anonymous_52)
FN:1271,(anonymous_53)
FN:1294,_onOrOffEvent
FN:1305,(anonymous_55)
FN:1328,(anonymous_56)
FN:1338,(anonymous_57)
FN:1348,(anonymous_58)
FN:1385,_doClass
FN:1438,_addRemoveClass
FN:1459,(anonymous_61)
FN:1486,_hasClass
FN:1501,(anonymous_63)
FN:1511,(anonymous_64)
FN:1520,(anonymous_65)
FN:1529,(anonymous_66)
FN:1549,(anonymous_67)
FN:1561,(anonymous_68)
FN:1575,(anonymous_69)
FN:1589,(anonymous_70)
FN:1602,(anonymous_71)
FN:1615,(anonymous_72)
FN:1622,(anonymous_73)
FN:1645,(anonymous_74)
FN:1653,(anonymous_75)
FN:1678,_showHide
FN:1685,(anonymous_77)
FN:1698,(anonymous_78)
FN:1706,(anonymous_79)
FN:1714,(anonymous_80)
FN:1733,(anonymous_81)
FN:1744,(anonymous_82)
FN:1750,(anonymous_83)
FN:1767,(anonymous_84)
FN:1788,_appendToList
FN:1789,(anonymous_86)
FN:1801,(anonymous_87)
FN:1825,(anonymous_88)
FN:1850,_prependToList
FN:1865,(anonymous_90)
FN:1879,(anonymous_91)
FN:1896,_getDimension
FN:2011,_scrollTop
FN:2041,_scrollLeft
FN:2071,_offset
FN:2086,(anonymous_96)
FN:2096,(anonymous_97)
FN:2106,(anonymous_98)
FN:2115,(anonymous_99)
FN:2124,(anonymous_100)
FN:2135,(anonymous_101)
FN:2147,(anonymous_102)
FN:2158,(anonymous_103)
FN:2169,(anonymous_104)
FN:2181,(anonymous_105)
FN:2195,_data
FN:2214,(anonymous_107)
FN:2219,(anonymous_108)
FN:2247,(anonymous_109)
FN:2259,(anonymous_110)
FN:2269,(anonymous_111)
FN:2279,(anonymous_112)
FN:2298,(anonymous_113)
FN:2311,ready
FN:2329,readyStateChange
FN:2339,(anonymous_116)
FN:2343,(anonymous_117)
FNF:117
FNH:8
FNDA:0,(anonymous_1)
FNDA:0,(anonymous_2)
FNDA:1,(anonymous_3)
FNDA:1,(anonymous_4)
FNDA:0,has
FNDA:0,count
FNDA:0,implode
FNDA:0,in_array
FNDA:0,merge
FNDA:0,array_keys
FNDA:0,array_values
FNDA:0,array_combine
FNDA:0,microtime
FNDA:0,isString
FNDA:0,isNumber
FNDA:0,isBool
FNDA:0,isArray
FNDA:0,isObject
FNDA:1,isNullOrUndefined
FNDA:0,arrayToInteger
FNDA:0,getSortedKeys
FNDA:0,(anonymous_22)
FNDA:0,getClosestNumberMatchArray
FNDA:0,isEvenDecimal
FNDA:1,(anonymous_25)
FNDA:0,(anonymous_26)
FNDA:0,F
FNDA:0,Dom
FNDA:0,_DomCreate
FNDA:0,_initDom
FNDA:0,(anonymous_31)
FNDA:0,(anonymous_32)
FNDA:0,(anonymous_33)
FNDA:1,_isWindow
FNDA:0,_isInstanceOfRQuery
FNDA:0,_getSelectorFromObject
FNDA:0,_getSupportedNodeTypes
FNDA:0,_getObjectType
FNDA:0,_stringToNode
FNDA:0,_getElement
FNDA:0,_getElementChildren
FNDA:0,(anonymous_42)
FNDA:0,(anonymous_43)
FNDA:0,(anonymous_44)
FNDA:0,(anonymous_45)
FNDA:0,(anonymous_46)
FNDA:0,_style
FNDA:0,(anonymous_48)
FNDA:0,(anonymous_49)
FNDA:0,_doEvent
FNDA:0,(anonymous_51)
FNDA:0,(anonymous_52)
FNDA:0,(anonymous_53)
FNDA:0,_onOrOffEvent
FNDA:0,(anonymous_55)
FNDA:0,(anonymous_56)
FNDA:0,(anonymous_57)
FNDA:0,(anonymous_58)
FNDA:0,_doClass
FNDA:0,_addRemoveClass
FNDA:0,(anonymous_61)
FNDA:0,_hasClass
FNDA:0,(anonymous_63)
FNDA:0,(anonymous_64)
FNDA:0,(anonymous_65)
FNDA:0,(anonymous_66)
FNDA:0,(anonymous_67)
FNDA:0,(anonymous_68)
FNDA:0,(anonymous_69)
FNDA:0,(anonymous_70)
FNDA:0,(anonymous_71)
FNDA:0,(anonymous_72)
FNDA:0,(anonymous_73)
FNDA:0,(anonymous_74)
FNDA:0,(anonymous_75)
FNDA:0,_showHide
FNDA:0,(anonymous_77)
FNDA:0,(anonymous_78)
FNDA:0,(anonymous_79)
FNDA:0,(anonymous_80)
FNDA:0,(anonymous_81)
FNDA:0,(anonymous_82)
FNDA:0,(anonymous_83)
FNDA:0,(anonymous_84)
FNDA:0,_appendToList
FNDA:0,(anonymous_86)
FNDA:0,(anonymous_87)
FNDA:0,(anonymous_88)
FNDA:0,_prependToList
FNDA:0,(anonymous_90)
FNDA:0,(anonymous_91)
FNDA:0,_getDimension
FNDA:0,_scrollTop
FNDA:0,_scrollLeft
FNDA:0,_offset
FNDA:0,(anonymous_96)
FNDA:0,(anonymous_97)
FNDA:0,(anonymous_98)
FNDA:0,(anonymous_99)
FNDA:0,(anonymous_100)
FNDA:0,(anonymous_101)
FNDA:0,(anonymous_102)
FNDA:0,(anonymous_103)
FNDA:0,(anonymous_104)
FNDA:0,(anonymous_105)
FNDA:1,_data
FNDA:1,(anonymous_107)
FNDA:0,(anonymous_108)
FNDA:0,(anonymous_109)
FNDA:0,(anonymous_110)
FNDA:0,(anonymous_111)
FNDA:0,(anonymous_112)
FNDA:1,(anonymous_113)
FNDA:0,ready
FNDA:0,readyStateChange
FNDA:0,(anonymous_116)
FNDA:0,(anonymous_117)
DA:12,1
DA:13,1
DA:14,0
DA:15,0
DA:19,1
DA:20,0
DA:21,0
DA:26,1
DA:27,1
DA:28,1
DA:31,1
DA:39,1
DA:42,0
DA:46,1
DA:60,0
DA:62,0
DA:64,0
DA:66,0
DA:68,0
DA:71,0
DA:73,0
DA:77,0
DA:79,0
DA:82,0
DA:84,0
DA:87,0
DA:89,0
DA:92,0
DA:93,0
DA:95,0
DA:96,0
DA:98,0
DA:103,0
DA:112,1
DA:114,0
DA:116,0
DA:119,0
DA:121,0
DA:124,0
DA:126,0
DA:129,0
DA:132,0
DA:133,0
DA:137,0
DA:139,0
DA:146,0
DA:147,0
DA:149,0
DA:151,0
DA:153,0
DA:158,0
DA:161,1
DA:177,0
DA:180,0
DA:181,0
DA:182,0
DA:183,0
DA:187,0
DA:189,0
DA:190,0
DA:196,0
DA:205,1
DA:206,0
DA:210,0
DA:211,0
DA:216,0
DA:217,0
DA:218,0
DA:222,0
DA:224,0
DA:227,1
DA:239,0
DA:245,0
DA:246,0
DA:249,0
DA:250,0
DA:251,0
DA:252,0
DA:253,0
DA:254,0
DA:256,0
DA:257,0
DA:261,0
DA:262,0
DA:267,0
DA:270,1
DA:277,0
DA:280,0
DA:281,0
DA:284,0
DA:285,0
DA:287,0
DA:291,0
DA:294,1
DA:301,0
DA:306,0
DA:308,0
DA:312,0
DA:313,0
DA:316,0
DA:317,0
DA:320,0
DA:323,1
DA:328,0
DA:329,0
DA:331,0
DA:340,1
DA:342,0
DA:350,1
DA:352,0
DA:360,1
DA:362,0
DA:370,1
DA:371,0
DA:379,1
DA:381,0
DA:383,0
DA:386,0
DA:394,1
DA:396,1
DA:405,1
DA:407,0
DA:414,0
DA:415,0
DA:417,0
DA:418,0
DA:420,0
DA:421,0
DA:424,0
DA:425,0
DA:434,1
DA:436,0
DA:438,0
DA:439,0
DA:442,0
DA:443,0
DA:444,0
DA:445,0
DA:448,0
DA:449,0
DA:450,0
DA:453,0
DA:468,1
DA:470,0
DA:482,0
DA:483,0
DA:485,0
DA:487,0
DA:488,0
DA:489,0
DA:492,0
DA:493,0
DA:494,0
DA:496,0
DA:497,0
DA:500,0
DA:502,0
DA:503,0
DA:507,0
DA:508,0
DA:517,1
DA:519,0
DA:520,0
DA:523,1
DA:544,1
DA:548,1
DA:550,1
DA:552,0
DA:554,0
DA:556,0
DA:558,0
DA:560,0
DA:564,0
DA:566,0
DA:570,1
DA:571,0
DA:572,0
DA:576,1
DA:577,1
DA:587,1
DA:588,0
DA:589,0
DA:591,0
DA:594,0
DA:595,0
DA:596,0
DA:600,0
DA:603,0
DA:604,0
DA:606,0
DA:608,0
DA:609,0
DA:610,0
DA:611,0
DA:612,0
DA:614,0
DA:616,0
DA:619,0
DA:630,1
DA:633,0
DA:635,0
DA:643,0
DA:645,0
DA:646,0
DA:648,0
DA:650,0
DA:652,0
DA:654,0
DA:656,0
DA:658,0
DA:660,0
DA:668,0
DA:670,0
DA:671,0
DA:678,0
DA:688,0
DA:690,0
DA:693,0
DA:695,0
DA:696,0
DA:697,0
DA:702,0
DA:704,0
DA:705,0
DA:709,0
DA:711,0
DA:712,0
DA:716,0
DA:722,0
DA:726,0
DA:728,0
DA:732,0
DA:734,0
DA:735,0
DA:737,0
DA:738,0
DA:743,0
DA:745,0
DA:746,0
DA:750,0
DA:751,0
DA:752,0
DA:753,0
DA:756,0
DA:757,0
DA:760,0
DA:764,0
DA:768,0
DA:770,0
DA:773,0
DA:774,0
DA:775,0
DA:776,0
DA:777,0
DA:778,0
DA:780,0
DA:781,0
DA:783,0
DA:785,0
DA:789,0
DA:790,0
DA:797,1
DA:811,1
DA:812,0
DA:821,1
DA:823,1
DA:833,1
DA:835,0
DA:844,1
DA:846,0
DA:853,0
DA:855,0
DA:858,0
DA:860,0
DA:863,0
DA:865,0
DA:868,0
DA:870,0
DA:873,0
DA:881,1
DA:884,0
DA:886,0
DA:888,0
DA:889,0
DA:892,0
DA:900,1
DA:902,0
DA:905,0
DA:907,0
DA:915,0
DA:920,0
DA:922,0
DA:926,0
DA:928,0
DA:932,0
DA:934,0
DA:937,0
DA:939,0
DA:942,0
DA:945,0
DA:955,1
DA:957,0
DA:960,0
DA:962,0
DA:964,0
DA:972,1
DA:974,0
DA:983,1
DA:985,0
DA:989,0
DA:990,0
DA:991,0
DA:995,0
DA:998,1
DA:999,1
DA:1005,1
DA:1006,0
DA:1012,0
DA:1014,0
DA:1016,0
DA:1018,0
DA:1024,0
DA:1026,0
DA:1027,0
DA:1031,0
DA:1033,0
DA:1035,0
DA:1048,1
DA:1049,0
DA:1056,1
DA:1057,0
DA:1058,0
DA:1059,0
DA:1068,1
DA:1069,0
DA:1070,0
DA:1072,0
DA:1074,0
DA:1076,0
DA:1078,0
DA:1082,0
DA:1084,0
DA:1086,0
DA:1092,0
DA:1099,0
DA:1103,0
DA:1114,1
DA:1116,0
DA:1120,0
DA:1124,0
DA:1130,0
DA:1132,0
DA:1134,0
DA:1136,0
DA:1147,1
DA:1149,0
DA:1150,0
DA:1152,0
DA:1154,0
DA:1156,0
DA:1158,0
DA:1162,0
DA:1164,0
DA:1166,0
DA:1172,0
DA:1179,0
DA:1183,0
DA:1196,1
DA:1197,0
DA:1202,0
DA:1203,0
DA:1205,0
DA:1206,0
DA:1208,0
DA:1211,0
DA:1213,0
DA:1215,0
DA:1218,0
DA:1222,0
DA:1224,0
DA:1226,0
DA:1227,0
DA:1229,0
DA:1231,0
DA:1238,0
DA:1243,0
DA:1246,0
DA:1253,1
DA:1255,0
DA:1257,0
DA:1260,0
DA:1263,0
DA:1271,1
DA:1273,0
DA:1275,0
DA:1278,0
DA:1281,0
DA:1294,1
DA:1296,0
DA:1297,0
DA:1299,0
DA:1301,0
DA:1305,0
DA:1307,0
DA:1309,0
DA:1315,0
DA:1317,0
DA:1328,1
DA:1329,0
DA:1338,1
DA:1339,0
DA:1348,1
DA:1349,0
DA:1351,0
DA:1355,0
DA:1357,0
DA:1358,0
DA:1360,0
DA:1362,0
DA:1363,0
DA:1364,0
DA:1368,0
DA:1370,0
DA:1372,0
DA:1375,0
DA:1385,1
DA:1388,0
DA:1389,0
DA:1391,0
DA:1396,0
DA:1400,0
DA:1404,0
DA:1406,0
DA:1408,0
DA:1409,0
DA:1411,0
DA:1414,0
DA:1417,0
DA:1421,0
DA:1423,0
DA:1424,0
DA:1438,1
DA:1440,0
DA:1441,0
DA:1444,0
DA:1446,0
DA:1450,0
DA:1452,0
DA:1453,0
DA:1455,0
DA:1456,0
DA:1459,0
DA:1460,0
DA:1466,0
DA:1472,0
DA:1475,0
DA:1486,1
DA:1488,0
DA:1489,0
DA:1492,0
DA:1501,1
DA:1502,0
DA:1503,0
DA:1511,1
DA:1512,0
DA:1520,1
DA:1521,0
DA:1529,1
DA:1530,0
DA:1531,0
DA:1534,0
DA:1539,0
DA:1541,0
DA:1549,1
DA:1550,0
DA:1551,0
DA:1553,0
DA:1561,1
DA:1562,0
DA:1563,0
DA:1564,0
DA:1566,0
DA:1567,0
DA:1568,0
DA:1575,1
DA:1576,0
DA:1577,0
DA:1578,0
DA:1580,0
DA:1581,0
DA:1582,0
DA:1589,1
DA:1590,0
DA:1591,0
DA:1602,1
DA:1603,0
DA:1606,0
DA:1615,1
DA:1616,0
DA:1617,0
DA:1618,0
DA:1619,0
DA:1622,0
DA:1623,0
DA:1629,0
DA:1632,0
DA:1636,0
DA:1645,1
DA:1646,0
DA:1647,0
DA:1648,0
DA:1650,0
DA:1653,0
DA:1654,0
DA:1660,0
DA:1663,0
DA:1667,0
DA:1678,1
DA:1680,0
DA:1681,0
DA:1682,0
DA:1683,0
DA:1685,0
DA:1686,0
DA:1691,0
DA:1698,1
DA:1699,0
DA:1706,1
DA:1707,0
DA:1714,1
DA:1715,0
DA:1716,0
DA:1718,0
DA:1720,0
DA:1724,0
DA:1727,0
DA:1733,1
DA:1734,0
DA:1735,0
DA:1744,1
DA:1745,0
DA:1746,0
DA:1747,0
DA:1748,0
DA:1750,0
DA:1751,0
DA:1754,0
DA:1756,0
DA:1758,0
DA:1767,1
DA:1768,0
DA:1769,0
DA:1770,0
DA:1771,0
DA:1772,0
DA:1774,0
DA:1775,0
DA:1777,0
DA:1778,0
DA:1788,1
DA:1789,0
DA:1790,0
DA:1792,0
DA:1801,1
DA:1802,0
DA:1803,0
DA:1804,0
DA:1805,0
DA:1807,0
DA:1809,0
DA:1812,0
DA:1814,0
DA:1816,0
DA:1825,1
DA:1826,0
DA:1827,0
DA:1828,0
DA:1829,0
DA:1830,0
DA:1831,0
DA:1832,0
DA:1835,0
DA:1837,0
DA:1839,0
DA:1840,0
DA:1850,1
DA:1852,0
DA:1854,0
DA:1856,0
DA:1865,1
DA:1866,0
DA:1867,0
DA:1868,0
DA:1869,0
DA:1870,0
DA:1879,1
DA:1880,0
DA:1881,0
DA:1882,0
DA:1883,0
DA:1884,0
DA:1896,1
DA:1898,0
DA:1919,0
DA:1921,0
DA:1925,0
DA:1927,0
DA:1940,0
DA:1944,0
DA:1947,0
DA:1950,0
DA:1951,0
DA:1953,0
DA:1955,0
DA:1957,0
DA:1958,0
DA:1962,0
DA:1968,0
DA:1970,0
DA:1973,0
DA:1975,0
DA:1977,0
DA:1980,0
DA:1981,0
DA:1985,0
DA:1987,0
DA:1991,0
DA:1993,0
DA:1996,0
DA:1997,0
DA:2002,0
DA:2011,1
DA:2013,0
DA:2019,0
DA:2021,0
DA:2025,0
DA:2028,0
DA:2030,0
DA:2032,0
DA:2041,1
DA:2043,0
DA:2049,0
DA:2051,0
DA:2055,0
DA:2058,0
DA:2060,0
DA:2062,0
DA:2071,1
DA:2073,0
DA:2078,0
DA:2086,1
DA:2087,0
DA:2088,0
DA:2096,1
DA:2097,0
DA:2098,0
DA:2106,1
DA:2107,0
DA:2115,1
DA:2116,0
DA:2124,1
DA:2125,0
DA:2127,0
DA:2135,1
DA:2136,0
DA:2138,0
DA:2147,1
DA:2148,0
DA:2150,0
DA:2158,1
DA:2159,0
DA:2161,0
DA:2169,1
DA:2170,0
DA:2172,0
DA:2181,1
DA:2182,0
DA:2184,0
DA:2195,1
DA:2197,1
DA:2202,1
DA:2204,1
DA:2207,1
DA:2209,0
DA:2214,1
DA:2215,1
DA:2219,1
DA:2221,0
DA:2224,1
DA:2226,1
DA:2228,1
DA:2230,1
DA:2235,0
DA:2247,1
DA:2249,0
DA:2259,1
DA:2261,0
DA:2269,1
DA:2271,0
DA:2279,1
DA:2280,0
DA:2284,1
DA:2287,1
DA:2288,1
DA:2290,0
DA:2291,0
DA:2298,1
DA:2303,1
DA:2304,1
DA:2305,1
DA:2306,1
DA:2307,1
DA:2311,1
DA:2312,0
DA:2314,0
DA:2315,0
DA:2322,0
DA:2325,0
DA:2329,1
DA:2330,0
DA:2331,0
DA:2339,1
DA:2342,0
DA:2343,0
DA:2344,0
DA:2347,0
DA:2351,0
DA:2352,0
DA:2353,0
DA:2355,0
DA:2357,0
DA:2359,0
DA:2362,0
DA:2363,0
DA:2365,0
LF:735
LH:131
BRDA:12,1,0,1
BRDA:12,1,1,0
BRDA:19,2,0,0
BRDA:19,2,1,1
BRDA:27,3,0,0
BRDA:27,3,1,1
BRDA:27,4,0,1
BRDA:27,4,1,0
BRDA:31,5,0,1
BRDA:31,5,1,0
BRDA:42,6,0,0
BRDA:42,6,1,0
BRDA:62,7,0,0
BRDA:62,7,1,0
BRDA:62,8,0,0
BRDA:62,8,1,0
BRDA:66,9,0,0
BRDA:66,9,1,0
BRDA:66,10,0,0
BRDA:66,10,1,0
BRDA:71,11,0,0
BRDA:71,11,1,0
BRDA:77,12,0,0
BRDA:77,12,1,0
BRDA:82,13,0,0
BRDA:82,13,1,0
BRDA:87,14,0,0
BRDA:87,14,1,0
BRDA:93,15,0,0
BRDA:93,15,1,0
BRDA:96,16,0,0
BRDA:96,16,1,0
BRDA:96,17,0,0
BRDA:96,17,1,0
BRDA:96,17,2,0
BRDA:96,17,3,0
BRDA:114,18,0,0
BRDA:114,18,1,0
BRDA:114,19,0,0
BRDA:114,19,1,0
BRDA:119,20,0,0
BRDA:119,20,1,0
BRDA:121,21,0,0
BRDA:121,21,1,0
BRDA:126,22,0,0
BRDA:126,22,1,0
BRDA:133,23,0,0
BRDA:133,23,1,0
BRDA:139,24,0,0
BRDA:139,24,1,0
BRDA:149,25,0,0
BRDA:149,25,1,0
BRDA:151,26,0,0
BRDA:151,26,1,0
BRDA:180,27,0,0
BRDA:180,27,1,0
BRDA:182,28,0,0
BRDA:182,28,1,0
BRDA:189,29,0,0
BRDA:189,29,1,0
BRDA:216,30,0,0
BRDA:216,30,1,0
BRDA:245,31,0,0
BRDA:245,31,1,0
BRDA:245,32,0,0
BRDA:245,32,1,0
BRDA:245,32,2,0
BRDA:250,33,0,0
BRDA:250,33,1,0
BRDA:252,34,0,0
BRDA:252,34,1,0
BRDA:253,35,0,0
BRDA:253,35,1,0
BRDA:253,36,0,0
BRDA:253,36,1,0
BRDA:256,37,0,0
BRDA:256,37,1,0
BRDA:261,38,0,0
BRDA:261,38,1,0
BRDA:280,39,0,0
BRDA:280,39,1,0
BRDA:280,40,0,0
BRDA:280,40,1,0
BRDA:280,40,2,0
BRDA:285,41,0,0
BRDA:285,41,1,0
BRDA:302,42,0,0
BRDA:302,42,1,0
BRDA:306,43,0,0
BRDA:306,43,1,0
BRDA:306,44,0,0
BRDA:306,44,1,0
BRDA:306,44,2,0
BRDA:306,44,3,0
BRDA:306,44,4,0
BRDA:312,45,0,0
BRDA:312,45,1,0
BRDA:331,46,0,0
BRDA:331,46,1,0
BRDA:342,47,0,0
BRDA:342,47,1,0
BRDA:352,48,0,0
BRDA:352,48,1,0
BRDA:362,49,0,0
BRDA:362,49,1,0
BRDA:381,50,0,0
BRDA:381,50,1,0
BRDA:396,51,0,1
BRDA:396,51,1,1
BRDA:443,52,0,0
BRDA:443,52,1,0
BRDA:444,53,0,0
BRDA:444,53,1,0
BRDA:471,54,0,0
BRDA:471,54,1,0
BRDA:472,55,0,0
BRDA:472,55,1,0
BRDA:473,56,0,0
BRDA:473,56,1,0
BRDA:500,57,0,0
BRDA:500,57,1,0
BRDA:502,58,0,0
BRDA:502,58,1,0
BRDA:503,59,0,0
BRDA:503,59,1,0
BRDA:508,60,0,0
BRDA:508,60,1,0
BRDA:550,61,0,0
BRDA:550,61,1,1
BRDA:554,62,0,0
BRDA:554,62,1,0
BRDA:554,63,0,0
BRDA:554,63,1,0
BRDA:558,64,0,0
BRDA:558,64,1,0
BRDA:564,65,0,0
BRDA:564,65,1,0
BRDA:591,66,0,0
BRDA:591,66,1,0
BRDA:596,67,0,0
BRDA:596,67,1,0
BRDA:606,68,0,0
BRDA:606,68,1,0
BRDA:614,69,0,0
BRDA:614,69,1,0
BRDA:633,70,0,0
BRDA:633,70,1,0
BRDA:643,71,0,0
BRDA:643,71,1,0
BRDA:643,72,0,0
BRDA:643,72,1,0
BRDA:648,73,0,0
BRDA:648,73,1,0
BRDA:652,74,0,0
BRDA:652,74,1,0
BRDA:652,75,0,0
BRDA:652,75,1,0
BRDA:654,76,0,0
BRDA:654,76,1,0
BRDA:656,77,0,0
BRDA:656,77,1,0
BRDA:660,78,0,0
BRDA:660,78,1,0
BRDA:688,79,0,0
BRDA:688,79,1,0
BRDA:702,80,0,0
BRDA:702,80,1,0
BRDA:702,81,0,0
BRDA:702,81,1,0
BRDA:709,82,0,0
BRDA:709,82,1,0
BRDA:716,83,0,0
BRDA:716,83,1,0
BRDA:728,84,0,0
BRDA:728,84,1,0
BRDA:732,85,0,0
BRDA:732,85,1,0
BRDA:732,86,0,0
BRDA:732,86,1,0
BRDA:732,86,2,0
BRDA:743,87,0,0
BRDA:743,87,1,0
BRDA:746,88,0,0
BRDA:746,88,1,0
BRDA:746,89,0,0
BRDA:746,89,1,0
BRDA:746,89,2,0
BRDA:768,90,0,0
BRDA:768,90,1,0
BRDA:770,91,0,0
BRDA:770,91,1,0
BRDA:770,92,0,0
BRDA:770,92,1,0
BRDA:781,93,0,0
BRDA:781,93,1,0
BRDA:783,94,0,0
BRDA:783,94,1,0
BRDA:789,95,0,0
BRDA:789,95,1,0
BRDA:823,96,0,1
BRDA:823,96,1,1
BRDA:823,96,2,0
BRDA:846,97,0,0
BRDA:846,97,1,0
BRDA:848,98,0,0
BRDA:848,98,1,0
BRDA:849,99,0,0
BRDA:849,99,1,0
BRDA:853,100,0,0
BRDA:853,100,1,0
BRDA:853,101,0,0
BRDA:853,101,1,0
BRDA:858,102,0,0
BRDA:858,102,1,0
BRDA:863,103,0,0
BRDA:863,103,1,0
BRDA:868,104,0,0
BRDA:868,104,1,0
BRDA:868,105,0,0
BRDA:868,105,1,0
BRDA:888,106,0,0
BRDA:888,106,1,0
BRDA:905,107,0,0
BRDA:905,107,1,0
BRDA:915,108,0,0
BRDA:915,108,1,0
BRDA:915,109,0,0
BRDA:915,109,1,0
BRDA:915,109,2,0
BRDA:915,109,3,0
BRDA:915,109,4,0
BRDA:920,110,0,0
BRDA:920,110,1,0
BRDA:920,111,0,0
BRDA:920,111,1,0
BRDA:926,112,0,0
BRDA:926,112,1,0
BRDA:934,113,0,0
BRDA:934,113,1,0
BRDA:934,114,0,0
BRDA:934,114,1,0
BRDA:939,115,0,0
BRDA:939,115,1,0
BRDA:974,116,0,0
BRDA:974,116,1,0
BRDA:974,117,0,0
BRDA:974,117,1,0
BRDA:990,118,0,0
BRDA:990,118,1,0
BRDA:1012,119,0,0
BRDA:1012,119,1,0
BRDA:1016,120,0,0
BRDA:1016,120,1,0
BRDA:1024,121,0,0
BRDA:1024,121,1,0
BRDA:1033,122,0,0
BRDA:1033,122,1,0
BRDA:1072,123,0,0
BRDA:1072,123,1,0
BRDA:1076,124,0,0
BRDA:1076,124,1,0
BRDA:1078,125,0,0
BRDA:1078,125,1,0
BRDA:1117,126,0,0
BRDA:1117,126,1,0
BRDA:1120,127,0,0
BRDA:1120,127,1,0
BRDA:1130,128,0,0
BRDA:1130,128,1,0
BRDA:1134,129,0,0
BRDA:1134,129,1,0
BRDA:1152,130,0,0
BRDA:1152,130,1,0
BRDA:1156,131,0,0
BRDA:1156,131,1,0
BRDA:1158,132,0,0
BRDA:1158,132,1,0
BRDA:1197,133,0,0
BRDA:1197,133,1,0
BRDA:1198,134,0,0
BRDA:1198,134,1,0
BRDA:1206,135,0,0
BRDA:1206,135,1,0
BRDA:1211,136,0,0
BRDA:1211,136,1,0
BRDA:1218,137,0,0
BRDA:1218,137,1,0
BRDA:1224,138,0,0
BRDA:1224,138,1,0
BRDA:1229,139,0,0
BRDA:1229,139,1,0
BRDA:1243,140,0,0
BRDA:1243,140,1,0
BRDA:1255,141,0,0
BRDA:1255,141,1,0
BRDA:1260,142,0,0
BRDA:1260,142,1,0
BRDA:1273,143,0,0
BRDA:1273,143,1,0
BRDA:1278,144,0,0
BRDA:1278,144,1,0
BRDA:1299,145,0,0
BRDA:1299,145,1,0
BRDA:1301,146,0,0
BRDA:1301,146,1,0
BRDA:1352,147,0,0
BRDA:1352,147,1,0
BRDA:1355,148,0,0
BRDA:1355,148,1,0
BRDA:1360,149,0,0
BRDA:1360,149,1,0
BRDA:1368,150,0,0
BRDA:1368,150,1,0
BRDA:1389,151,0,0
BRDA:1389,151,1,0
BRDA:1392,152,0,0
BRDA:1392,152,1,0
BRDA:1396,153,0,0
BRDA:1396,153,1,0
BRDA:1401,154,0,0
BRDA:1401,154,1,0
BRDA:1402,155,0,0
BRDA:1402,155,1,0
BRDA:1404,156,0,0
BRDA:1404,156,1,0
BRDA:1409,157,0,0
BRDA:1409,157,1,0
BRDA:1411,158,0,0
BRDA:1411,158,1,0
BRDA:1444,159,0,0
BRDA:1444,159,1,0
BRDA:1444,160,0,0
BRDA:1444,160,1,0
BRDA:1452,161,0,0
BRDA:1452,161,1,0
BRDA:1455,162,0,0
BRDA:1455,162,1,0
BRDA:1456,163,0,0
BRDA:1456,163,1,0
BRDA:1488,164,0,0
BRDA:1488,164,1,0
BRDA:1489,165,0,0
BRDA:1489,165,1,0
BRDA:1531,166,0,0
BRDA:1531,166,1,0
BRDA:1563,167,0,0
BRDA:1563,167,1,0
BRDA:1567,168,0,0
BRDA:1567,168,1,0
BRDA:1577,169,0,0
BRDA:1577,169,1,0
BRDA:1581,170,0,0
BRDA:1581,170,1,0
BRDA:1604,171,0,0
BRDA:1604,171,1,0
BRDA:1606,172,0,0
BRDA:1606,172,1,0
BRDA:1618,173,0,0
BRDA:1618,173,1,0
BRDA:1618,174,0,0
BRDA:1618,174,1,0
BRDA:1618,174,2,0
BRDA:1619,175,0,0
BRDA:1619,175,1,0
BRDA:1648,176,0,0
BRDA:1648,176,1,0
BRDA:1650,177,0,0
BRDA:1650,177,1,0
BRDA:1680,178,0,0
BRDA:1680,178,1,0
BRDA:1683,179,0,0
BRDA:1683,179,1,0
BRDA:1718,180,0,0
BRDA:1718,180,1,0
BRDA:1747,181,0,0
BRDA:1747,181,1,0
BRDA:1748,182,0,0
BRDA:1748,182,1,0
BRDA:1754,183,0,0
BRDA:1754,183,1,0
BRDA:1769,184,0,0
BRDA:1769,184,1,0
BRDA:1769,185,0,0
BRDA:1769,185,1,0
BRDA:1769,185,2,0
BRDA:1771,186,0,0
BRDA:1771,186,1,0
BRDA:1772,187,0,0
BRDA:1772,187,1,0
BRDA:1804,188,0,0
BRDA:1804,188,1,0
BRDA:1805,189,0,0
BRDA:1805,189,1,0
BRDA:1812,190,0,0
BRDA:1812,190,1,0
BRDA:1827,191,0,0
BRDA:1827,191,1,0
BRDA:1827,192,0,0
BRDA:1827,192,1,0
BRDA:1827,192,2,0
BRDA:1829,193,0,0
BRDA:1829,193,1,0
BRDA:1830,194,0,0
BRDA:1830,194,1,0
BRDA:1835,195,0,0
BRDA:1835,195,1,0
BRDA:1901,196,0,0
BRDA:1901,196,1,0
BRDA:1902,197,0,0
BRDA:1902,197,1,0
BRDA:1904,198,0,0
BRDA:1904,198,1,0
BRDA:1905,199,0,0
BRDA:1905,199,1,0
BRDA:1906,200,0,0
BRDA:1906,200,1,0
BRDA:1907,201,0,0
BRDA:1907,201,1,0
BRDA:1908,202,0,0
BRDA:1908,202,1,0
BRDA:1909,203,0,0
BRDA:1909,203,1,0
BRDA:1910,204,0,0
BRDA:1910,204,1,0
BRDA:1919,205,0,0
BRDA:1919,205,1,0
BRDA:1925,206,0,0
BRDA:1925,206,1,0
BRDA:1925,207,0,0
BRDA:1925,207,1,0
BRDA:1927,208,0,0
BRDA:1927,208,1,0
BRDA:1930,209,0,0
BRDA:1930,209,1,0
BRDA:1931,210,0,0
BRDA:1931,210,1,0
BRDA:1932,211,0,0
BRDA:1932,211,1,0
BRDA:1933,212,0,0
BRDA:1933,212,1,0
BRDA:1934,213,0,0
BRDA:1934,213,1,0
BRDA:1935,214,0,0
BRDA:1935,214,1,0
BRDA:1936,215,0,0
BRDA:1936,215,1,0
BRDA:1937,216,0,0
BRDA:1937,216,1,0
BRDA:1940,217,0,0
BRDA:1940,217,1,0
BRDA:1940,218,0,0
BRDA:1940,218,1,0
BRDA:1940,218,2,0
BRDA:1940,218,3,0
BRDA:1944,219,0,0
BRDA:1944,219,1,0
BRDA:1947,220,0,0
BRDA:1947,220,1,0
BRDA:1951,221,0,0
BRDA:1951,221,1,0
BRDA:1953,222,0,0
BRDA:1953,222,1,0
BRDA:1955,223,0,0
BRDA:1955,223,1,0
BRDA:1968,224,0,0
BRDA:1968,224,1,0
BRDA:1970,225,0,0
BRDA:1970,225,1,0
BRDA:1971,226,0,0
BRDA:1971,226,1,0
BRDA:1973,227,0,0
BRDA:1973,227,1,0
BRDA:1975,228,0,0
BRDA:1975,228,1,0
BRDA:1977,229,0,0
BRDA:1977,229,1,0
BRDA:1978,230,0,0
BRDA:1978,230,1,0
BRDA:1985,231,0,0
BRDA:1985,231,1,0
BRDA:1993,232,0,0
BRDA:1993,232,1,0
BRDA:1994,233,0,0
BRDA:1994,233,1,0
BRDA:2014,234,0,0
BRDA:2014,234,1,0
BRDA:2015,235,0,0
BRDA:2015,235,1,0
BRDA:2019,236,0,0
BRDA:2019,236,1,0
BRDA:2019,237,0,0
BRDA:2019,237,1,0
BRDA:2021,238,0,0
BRDA:2021,238,1,0
BRDA:2021,239,0,0
BRDA:2021,239,1,0
BRDA:2028,240,0,0
BRDA:2028,240,1,0
BRDA:2044,241,0,0
BRDA:2044,241,1,0
BRDA:2045,242,0,0
BRDA:2045,242,1,0
BRDA:2049,243,0,0
BRDA:2049,243,1,0
BRDA:2049,244,0,0
BRDA:2049,244,1,0
BRDA:2051,245,0,0
BRDA:2051,245,1,0
BRDA:2051,246,0,0
BRDA:2051,246,1,0
BRDA:2058,247,0,0
BRDA:2058,247,1,0
BRDA:2126,248,0,0
BRDA:2126,248,1,0
BRDA:2137,249,0,0
BRDA:2137,249,1,0
BRDA:2149,250,0,0
BRDA:2149,250,1,0
BRDA:2160,251,0,0
BRDA:2160,251,1,0
BRDA:2171,252,0,0
BRDA:2171,252,1,0
BRDA:2183,253,0,0
BRDA:2183,253,1,0
BRDA:2198,254,0,1
BRDA:2198,254,1,0
BRDA:2202,255,0,1
BRDA:2202,255,1,0
BRDA:2207,256,0,0
BRDA:2207,256,1,1
BRDA:2224,257,0,1
BRDA:2224,257,1,0
BRDA:2226,258,0,1
BRDA:2226,258,1,0
BRDA:2288,259,0,0
BRDA:2288,259,1,1
BRDA:2303,260,0,1
BRDA:2303,260,1,0
BRDA:2304,261,0,1
BRDA:2304,261,1,0
BRDA:2312,262,0,0
BRDA:2312,262,1,0
BRDA:2330,263,0,0
BRDA:2330,263,1,0
BRDA:2342,264,0,0
BRDA:2342,264,1,0
BRDA:2351,265,0,0
BRDA:2351,265,1,0
BRDA:2351,266,0,0
BRDA:2351,266,1,0
BRDA:2351,266,2,0
BRDA:2353,267,0,0
BRDA:2353,267,1,0
BRDA:2355,268,0,0
BRDA:2355,268,1,0
BRF:555
BRH:18
end_of_record
